d:\repo\opengl\opengl\opengl\x64\debug\vc143.pdb
d:\repo\opengl\opengl\opengl\x64\debug\vc143.idb
d:\repo\opengl\opengl\opengl\x64\debug\shader.obj
d:\repo\opengl\opengl\opengl\x64\debug\glad.obj
d:\repo\opengl\opengl\opengl\x64\debug\application.obj
d:\repo\opengl\opengl\opengl\x64\debug\stb_image.obj
d:\repo\opengl\opengl\opengl\x64\debug\chapter_5.obj
d:\repo\opengl\opengl\x64\debug\opengl.exe
d:\repo\opengl\opengl\x64\debug\opengl.pdb
d:\repo\opengl\opengl\opengl\x64\debug\opengl.ilk
d:\repo\opengl\opengl\opengl\x64\debug\exercide3.3.obj
d:\repo\opengl\opengl\opengl\x64\debug\exercise3.1.obj
d:\repo\opengl\opengl\opengl\x64\debug\exercise3.2.obj
d:\repo\opengl\opengl\opengl\x64\debug\exercise3.obj
d:\repo\opengl\opengl\opengl\x64\debug\exercise_4_1.obj
d:\repo\opengl\opengl\opengl\x64\debug\exercise_4_2.obj
d:\repo\opengl\opengl\opengl\x64\debug\exercise_4_3.obj
d:\repo\opengl\opengl\opengl\x64\debug\chapter_5.obj.enc
d:\repo\opengl\opengl\opengl\x64\debug\opengl.tlog\cl.command.1.tlog
d:\repo\opengl\opengl\opengl\x64\debug\opengl.tlog\cl.items.tlog
d:\repo\opengl\opengl\opengl\x64\debug\opengl.tlog\cl.read.1.tlog
d:\repo\opengl\opengl\opengl\x64\debug\opengl.tlog\cl.write.1.tlog
d:\repo\opengl\opengl\opengl\x64\debug\opengl.tlog\link.command.1.tlog
d:\repo\opengl\opengl\opengl\x64\debug\opengl.tlog\link.read.1.tlog
d:\repo\opengl\opengl\opengl\x64\debug\opengl.tlog\link.secondary.1.tlog
d:\repo\opengl\opengl\opengl\x64\debug\opengl.tlog\link.write.1.tlog
